#
# A fatal error has been detected by the Java Runtime Environment:
#
#  EXCEPTION_ACCESS_VIOLATION (0xc0000005) at pc=0x00007ffe6cbfe32a, pid=18592, tid=22092
#
# JRE version: OpenJDK Runtime Environment Temurin-17.0.3+7 (17.0.3+7) (build 17.0.3+7)
# Java VM: OpenJDK 64-Bit Server VM Temurin-17.0.3+7 (17.0.3+7, mixed mode, tiered, compressed oops, compressed class ptrs, g1 gc, windows-amd64)
# Problematic frame:
# V  [jvm.dll+0x79e32a]
#
# No core dump will be written. Minidumps are not enabled by default on client versions of Windows
#
# If you would like to submit a bug report, please visit:
#   https://github.com/adoptium/adoptium-support/issues
#

---------------  S U M M A R Y ------------

Command Line: -XX:+ShowCodeDetailsInExceptionMessages -agentlib:jdwp=transport=dt_socket,suspend=y,address=localhost:58819 -ea -javaagent:C:\Users\eivin\Downloads\eclipse-java-2022-06-R-win32-x86_64\eclipse\configuration\org.eclipse.osgi\215\0\.cp\lib\javaagent-shaded.jar -Dfile.encoding=UTF-8 org.eclipse.jdt.internal.junit.runner.RemoteTestRunner -version 3 -port 58818 -testLoaderClass org.eclipse.jdt.internal.junit5.runner.JUnit5TestLoader -loaderpluginname org.eclipse.jdt.junit5.runtime -packageNameFile C:\Users\eivin\AppData\Local\Temp\packageNames13229578520527642945.txt

Host: 11th Gen Intel(R) Core(TM) i7-11800H @ 2.30GHz, 16 cores, 15G,  Windows 11 , 64 bit Build 22000 (10.0.22000.1516)
Time: Mon Feb 20 12:51:08 2023 W. Europe Standard Time elapsed time: 3960.005803 seconds (0d 1h 6m 0s)

---------------  T H R E A D  ---------------

Current thread (0x0000026d1e3ef2d0):  JavaThread "JDWP Transport Listener: dt_socket" daemon [_thread_in_vm, id=22092, stack(0x000000d2f1600000,0x000000d2f1700000)]

Stack: [0x000000d2f1600000,0x000000d2f1700000],  sp=0x000000d2f16ff7e0,  free space=1021k
Native frames: (J=compiled Java code, j=interpreted, Vv=VM code, C=native code)
V  [jvm.dll+0x79e32a]
V  [jvm.dll+0x5088cc]
V  [jvm.dll+0x4cff34]
C  [jdwp.dll+0x22dff]


siginfo: EXCEPTION_ACCESS_VIOLATION (0xc0000005), reading address 0x0000000000450048


Register to memory mapping:

RIP=0x00007ffe6cbfe32a jvm.dll
RAX=0x000000000000007c is an unknown value
RBX=0x0000026d1e1eac89 points into unknown readable memory: 4c 69 73 74 65 41 44
RCX=0x0000000000450044 is an unknown value
RDX=0x0000026d1eedba10 points into unknown readable memory: 0x2f6c76682f6f6e4c | 4c 6e 6f 2f 68 76 6c 2f
RSP=0x000000d2f16ff7e0 is pointing into the stack for thread: 0x0000026d1e3ef2d0
RBP=0x0000026d1e34a260 points into unknown readable memory: 0x0000000000000002 | 02 00 00 00 00 00 00 00
RSI=0x0 is NULL
RDI=0xffffffffffffffff is an unknown value
R8 =0x0000000000000008 is an unknown value
R9 =0x000000000000001e is an unknown value
R10=0x0 is NULL
R11=0x000000d2f16ff800 is pointing into the stack for thread: 0x0000026d1e3ef2d0
R12=0x000000d2f16ff938 is pointing into the stack for thread: 0x0000026d1e3ef2d0
R13=0x0 is NULL
R14=0x0000000800192ce8 is a pointer to class: 
no.hvl.dat102.tabell.TabellOrdnetListe {0x0000000800192cf0}
 - instance size:     3
 - klass size:        93
 - access:            public synchronized 
 - state:             fully_initialized
 - name:              'no/hvl/dat102/tabell/TabellOrdnetListe'
 - super:             'java/lang/Object'
 - sub:               
 - arrays:            NULL
 - methods:           Array<T>(0x0000026d1f4a65e8)
 - method ordering:   Array<T>(0x0000026d1f4a66e0)
 - default_methods:   Array<T>(0x0000000000000000)
 - local interfaces:  Array<T>(0x0000026d1f4a65a0)
 - trans. interfaces: Array<T>(0x0000026d1f4a7608)
 - constants:         constant pool [126] {0x0000026d1f4aade8} for 'no/hvl/dat102/tabell/TabellOrdnetListe' cache=0x0000026d1f206a50
 - class loader data:  loader data: 0x0000026d1e23c310 for instance a 'jdk/internal/loader/ClassLoaders$AppClassLoader'{0x0000000712000000}
 - source file:       'TabellOrdnetListe.java'
 - source debug extension:       SMAP
TabellOrdnetListe.java
Java
*S jdt
*F
1 TabellOrdnetListe.java
2 file:/C:/Users/eivin/Dat102/dat102/ListeOrdnetU/bin/
*L
*E

 - class annotations:       Array<T>(0x0000000000000000)
 - class type annotations:  Array<T>(0x0000000000000000)
 - field annotations:       Array<T>(0x0000000000000000)
 - field type annotations:  Array<T>(0x0000000000000000)
 - generic signature: '
[error occurred during error reporting (printing register info), id 0xc0000005, EXCEPTION_ACCESS_VIOLATION (0xc0000005) at pc=0x00007ffe6cbfef36]

Registers:
RAX=0x000000000000007c, RBX=0x0000026d1e1eac89, RCX=0x0000000000450044, RDX=0x0000026d1eedba10
RSP=0x000000d2f16ff7e0, RBP=0x0000026d1e34a260, RSI=0x0000000000000000, RDI=0xffffffffffffffff
R8 =0x0000000000000008, R9 =0x000000000000001e, R10=0x0000000000000000, R11=0x000000d2f16ff800
R12=0x000000d2f16ff938, R13=0x0000000000000000, R14=0x0000000800192ce8, R15=0x000000d2f16ff988
RIP=0x00007ffe6cbfe32a, EFLAGS=0x0000000000010202

Top of Stack: (sp=0x000000d2f16ff7e0)
0x000000d2f16ff7e0:   0000000000000026 0000000800192ce8
0x000000d2f16ff7f0:   0000026d1e3ef2d0 0000000000000000
0x000000d2f16ff800:   ffffffffffffffff 00007ffe6c9688cc
0x000000d2f16ff810:   0000026d1e1eac89 0000026d1e1eac60
0x000000d2f16ff820:   0000026d1e34a260 0000026d1eb9aac0
0x000000d2f16ff830:   0000026d1e1eac20 00000000000003d8
0x000000d2f16ff840:   0000026d1e1eac30 0000026d1e1eb008
0x000000d2f16ff850:   0000000000000002 000000d2f16ff938
0x000000d2f16ff860:   0000000000000000 0000000000000000
0x000000d2f16ff870:   0000000711c4e8c8 00007ffe6c92ff34
0x000000d2f16ff880:   0000026d1e3ef2d0 000000d2f16ff988
0x000000d2f16ff890:   0000026d7deba1f0 000000d2f16ff988
0x000000d2f16ff8a0:   0000026d1e3ef2d0 0000000000000000
0x000000d2f16ff8b0:   0000026d00000000 0000000000000000
0x000000d2f16ff8c0:   000000000000000d 00007fff19642dff
0x000000d2f16ff8d0:   000000d2f16ff980 00007fff19651aa0 

Instructions: (pc=0x00007ffe6cbfe32a)
0x00007ffe6cbfe22a:   48 83 c4 20 5f e9 bc 80 90 ff cc cc cc cc cc cc
0x00007ffe6cbfe23a:   cc cc cc cc cc cc 48 89 5c 24 08 57 48 83 ec 20
0x00007ffe6cbfe24a:   83 fa 02 8d 42 06 b9 08 00 00 00 49 8b d8 0f 4e
0x00007ffe6cbfe25a:   c1 48 63 c8 48 83 c1 07 83 e1 f8 48 63 f9 49 8b
0x00007ffe6cbfe26a:   48 18 48 8b c7 48 f7 d0 48 3b c1 73 16 4c 8d 05
0x00007ffe6cbfe27a:   4a 50 17 00 48 8b d7 48 8b cb e8 c7 e3 90 ff 48
0x00007ffe6cbfe28a:   8b 4b 18 48 8d 04 39 48 3b 43 20 76 18 45 33 c0
0x00007ffe6cbfe29a:   48 8b d7 48 8b cb 48 8b 5c 24 30 48 83 c4 20 5f
0x00007ffe6cbfe2aa:   e9 21 e0 90 ff 48 89 43 18 48 8b c1 48 8b 5c 24
0x00007ffe6cbfe2ba:   30 48 83 c4 20 5f c3 cc cc cc cc cc cc cc cc cc
0x00007ffe6cbfe2ca:   cc cc cc cc cc cc 4c 8b d2 4c 8b d9 45 85 c0 7e
0x00007ffe6cbfe2da:   3c 44 0f b7 49 04 41 8d 40 ff 41 3b c1 44 0f 4c
0x00007ffe6cbfe2ea:   c8 4d 63 c1 45 85 c9 7e 1f 48 8b c2 4c 2b da 49
0x00007ffe6cbfe2fa:   8b d0 0f 1f 40 00 41 0f b6 4c 03 06 88 08 48 8d
0x00007ffe6cbfe30a:   40 01 48 83 ea 01 75 ee 43 c6 04 10 00 49 8b c2
0x00007ffe6cbfe31a:   c3 cc cc cc cc cc 48 89 5c 24 08 57 48 83 ec 20
0x00007ffe6cbfe32a:   0f b7 59 04 48 8b f9 33 d2 48 8d 4b 01 e8 a4 dc
0x00007ffe6cbfe33a:   f2 ff 0f b7 57 04 4c 8b c0 3b da 0f 42 d3 44 8b
0x00007ffe6cbfe34a:   ca 85 d2 74 39 48 2b f8 0f 1f 40 00 66 66 0f 1f
0x00007ffe6cbfe35a:   84 00 00 00 00 00 0f b6 4c 07 06 88 08 48 ff c0
0x00007ffe6cbfe36a:   48 8b c8 49 2b c8 49 3b c9 7c eb 42 c6 04 02 00
0x00007ffe6cbfe37a:   49 8b c0 48 8b 5c 24 30 48 83 c4 20 5f c3 48 8b
0x00007ffe6cbfe38a:   5c 24 30 c6 04 02 00 48 83 c4 20 5f c3 cc cc cc
0x00007ffe6cbfe39a:   cc cc cc cc cc cc 4c 8b d1 45 85 c0 7e 6c 44 0f
0x00007ffe6cbfe3aa:   b7 49 04 41 8d 40 ff 41 3b c1 44 0f 4c c8 4d 63
0x00007ffe6cbfe3ba:   d9 45 85 c9 7e 22 48 8b ca 4c 2b d2 4d 8b c3 0f
0x00007ffe6cbfe3ca:   1f 80 00 00 00 00 41 0f b6 44 0a 06 88 01 48 8d
0x00007ffe6cbfe3da:   49 01 49 83 e8 01 75 ee 41 c6 04 13 00 48 c7 c0
0x00007ffe6cbfe3ea:   ff ff ff ff 66 90 48 ff c0 80 3c 02 00 75 f7 48
0x00007ffe6cbfe3fa:   63 c8 85 c0 48 8b c2 7e 14 80 38 2f 75 03 c6 00
0x00007ffe6cbfe40a:   2e 48 ff c0 48 83 e9 01 75 ef 48 8b c2 c3 cc cc
0x00007ffe6cbfe41a:   cc cc cc cc cc cc 48 83 ec 28 e8 f7 fe ff ff 4c 


Stack slot to memory mapping:
stack at sp + 0 slots: 0x0000000000000026 is an unknown value
stack at sp + 1 slots: 0x0000000800192ce8 is a pointer to class: 
no.hvl.dat102.tabell.TabellOrdnetListe {0x0000000800192cf0}
 - instance size:     3
 - klass size:        93
 - access:            public synchronized 
 - state:             fully_initialized
 - name:              'no/hvl/dat102/tabell/TabellOrdnetListe'
 - super:             'java/lang/Object'
 - sub:               
 - arrays:            NULL
 - methods:           Array<T>(0x0000026d1f4a65e8)
 - method ordering:   Array<T>(0x0000026d1f4a66e0)
 - default_methods:   Array<T>(0x0000000000000000)
 - local interfaces:  Array<T>(0x0000026d1f4a65a0)
 - trans. interfaces: Array<T>(0x0000026d1f4a7608)
 - constants:         constant pool [126] {0x0000026d1f4aade8} for 'no/hvl/dat102/tabell/TabellOrdnetListe' cache=0x0000026d1f206a50
 - class loader data:  loader data: 0x0000026d1e23c310 for instance a 'jdk/internal/loader/ClassLoaders$AppClassLoader'{0x0000000712000000}
 - source file:       'TabellOrdnetListe.java'
 - source debug extension:       SMAP
TabellOrdnetListe.java
Java
*S jdt
*F
1 TabellOrdnetListe.java
2 file:/C:/Users/eivin/Dat102/dat102/ListeOrdnetU/bin/
*L
*E

 - class annotations:       Array<T>(0x0000000000000000)
 - class type annotations:  Array<T>(0x0000000000000000)
 - field annotations:       Array<T>(0x0000000000000000)
 - field type annotations:  Array<T>(0x0000000000000000)
 - generic signature: '
[error occurred during error reporting (inspecting top of stack), id 0xc0000005, EXCEPTION_ACCESS_VIOLATION (0xc0000005) at pc=0x00007ffe6cbfef36]


---------------  P R O C E S S  ---------------

Threads class SMR info:
_java_thread_list=0x0000026d1f8b27c0, length=16, elements={
0x0000026d7decba40, 0x0000026d1e02bc00, 0x0000026d1e02c5b0, 0x0000026d1e08c2a0,
0x0000026d1e08cb60, 0x0000026d1e08d420, 0x0000026d1e099e00, 0x0000026d1e09ba00,
0x0000026d1e0acc60, 0x0000026d1e0b5640, 0x0000026d1e15ecc0, 0x0000026d1e3ef2d0,
0x0000026d1e3e7a80, 0x0000026d1e3fe880, 0x0000026d1e92f130, 0x0000026d1fe2c9f0
}

Java Threads: ( => current thread )
  0x0000026d7decba40 JavaThread "main" [_thread_blocked, id=22180, stack(0x000000d2f0300000,0x000000d2f0400000)]
  0x0000026d1e02bc00 JavaThread "Reference Handler" daemon [_thread_blocked, id=9492, stack(0x000000d2f0a00000,0x000000d2f0b00000)]
  0x0000026d1e02c5b0 JavaThread "Finalizer" daemon [_thread_blocked, id=24340, stack(0x000000d2f0b00000,0x000000d2f0c00000)]
  0x0000026d1e08c2a0 JavaThread "Signal Dispatcher" daemon [_thread_blocked, id=13040, stack(0x000000d2f0c00000,0x000000d2f0d00000)]
  0x0000026d1e08cb60 JavaThread "Attach Listener" daemon [_thread_blocked, id=1180, stack(0x000000d2f0d00000,0x000000d2f0e00000)]
  0x0000026d1e08d420 JavaThread "Service Thread" daemon [_thread_blocked, id=22632, stack(0x000000d2f0e00000,0x000000d2f0f00000)]
  0x0000026d1e099e00 JavaThread "Monitor Deflation Thread" daemon [_thread_blocked, id=12016, stack(0x000000d2f0f00000,0x000000d2f1000000)]
  0x0000026d1e09ba00 JavaThread "C2 CompilerThread0" daemon [_thread_blocked, id=18344, stack(0x000000d2f1000000,0x000000d2f1100000)]
  0x0000026d1e0acc60 JavaThread "C1 CompilerThread0" daemon [_thread_blocked, id=22584, stack(0x000000d2f1100000,0x000000d2f1200000)]
  0x0000026d1e0b5640 JavaThread "Sweeper thread" daemon [_thread_blocked, id=10976, stack(0x000000d2f1200000,0x000000d2f1300000)]
  0x0000026d1e15ecc0 JavaThread "Common-Cleaner" daemon [_thread_blocked, id=22592, stack(0x000000d2f1300000,0x000000d2f1400000)]
=>0x0000026d1e3ef2d0 JavaThread "JDWP Transport Listener: dt_socket" daemon [_thread_in_vm, id=22092, stack(0x000000d2f1600000,0x000000d2f1700000)]
  0x0000026d1e3e7a80 JavaThread "JDWP Event Helper Thread" daemon [_thread_blocked, id=2488, stack(0x000000d2f1700000,0x000000d2f1800000)]
  0x0000026d1e3fe880 JavaThread "JDWP Command Reader" daemon [_thread_in_native, id=13524, stack(0x000000d2f1800000,0x000000d2f1900000)]
  0x0000026d1e92f130 JavaThread "Notification Thread" daemon [_thread_blocked, id=13396, stack(0x000000d2f1500000,0x000000d2f1600000)]
  0x0000026d1fe2c9f0 JavaThread "ReaderThread" [_thread_in_native, id=12584, stack(0x000000d2f1b00000,0x000000d2f1c00000)]

Other Threads:
  0x0000026d1e0276b0 VMThread "VM Thread" [stack: 0x000000d2f0900000,0x000000d2f0a00000] [id=8872]
  0x0000026d1e89a580 WatcherThread [stack: 0x000000d2f1900000,0x000000d2f1a00000] [id=7248]
  0x0000026d7df37490 GCTaskThread "GC Thread#0" [stack: 0x000000d2f0400000,0x000000d2f0500000] [id=8348]
  0x0000026d1f8f3de0 GCTaskThread "GC Thread#1" [stack: 0x000000d2f1c00000,0x000000d2f1d00000] [id=1688]
  0x0000026d1eedafb0 GCTaskThread "GC Thread#2" [stack: 0x000000d2f1d00000,0x000000d2f1e00000] [id=7580]
  0x0000026d1eedb260 GCTaskThread "GC Thread#3" [stack: 0x000000d2f1e00000,0x000000d2f1f00000] [id=12728]
  0x0000026d1eedb510 GCTaskThread "GC Thread#4" [stack: 0x000000d2f1f00000,0x000000d2f2000000] [id=4876]
  0x0000026d1eedbfd0 GCTaskThread "GC Thread#5" [stack: 0x000000d2f2000000,0x000000d2f2100000] [id=6736]
  0x0000026d1fa6cf70 GCTaskThread "GC Thread#6" [stack: 0x000000d2f2100000,0x000000d2f2200000] [id=11948]
  0x0000026d7df48820 ConcurrentGCThread "G1 Main Marker" [stack: 0x000000d2f0500000,0x000000d2f0600000] [id=8048]
  0x0000026d7df49fe0 ConcurrentGCThread "G1 Conc#0" [stack: 0x000000d2f0600000,0x000000d2f0700000] [id=10632]
  0x0000026d7df9d8d0 ConcurrentGCThread "G1 Refine#0" [stack: 0x000000d2f0700000,0x000000d2f0800000] [id=22996]
  0x0000026d7df9e090 ConcurrentGCThread "G1 Service" [stack: 0x000000d2f0800000,0x000000d2f0900000] [id=20040]

Threads with active compile tasks:

VM state: not at safepoint (normal execution)

VM Mutex/Monitor currently owned by a thread: None

Heap address: 0x0000000703a00000, size: 4038 MB, Compressed Oops mode: Zero based, Oop shift amount: 3

CDS archive(s) not mapped
Compressed class space mapped at: 0x0000000800000000-0x0000000840000000, reserved size: 1073741824
Narrow klass base: 0x0000000800000000, Narrow klass shift: 0, Narrow klass range: 0x40000000

GC Precious Log:
 CPUs: 16 total, 16 available
 Memory: 16147M
 Large Page Support: Disabled
 NUMA Support: Disabled
 Compressed Oops: Enabled (Zero based)
 Heap Region Size: 2M
 Heap Min Capacity: 8M
 Heap Initial Capacity: 254M
 Heap Max Capacity: 4038M
 Pre-touch: Disabled
 Parallel Workers: 13
 Concurrent Workers: 3
 Concurrent Refinement Workers: 13
 Periodic GC: Disabled

Heap:
 garbage-first heap   total 260096K, used 25199K [0x0000000703a00000, 0x0000000800000000)
  region size 2048K, 14 young (28672K), 2 survivors (4096K)
 Metaspace       used 15079K, committed 15232K, reserved 1064960K
  class space    used 1528K, committed 1600K, reserved 1048576K

Heap Regions: E=young(eden), S=young(survivor), O=old, HS=humongous(starts), HC=humongous(continues), CS=collection set, F=free, OA=open archive, CA=closed archive, TAMS=top-at-mark-start (previous, next)
|   0|0x0000000703a00000, 0x0000000703a00000, 0x0000000703c00000|  0%| F|  |TAMS 0x0000000703a00000, 0x0000000703a00000| Untracked 
|   1|0x0000000703c00000, 0x0000000703c00000, 0x0000000703e00000|  0%| F|  |TAMS 0x0000000703c00000, 0x0000000703c00000| Untracked 
|   2|0x0000000703e00000, 0x0000000703e00000, 0x0000000704000000|  0%| F|  |TAMS 0x0000000703e00000, 0x0000000703e00000| Untracked 
|   3|0x0000000704000000, 0x0000000704000000, 0x0000000704200000|  0%| F|  |TAMS 0x0000000704000000, 0x0000000704000000| Untracked 
|   4|0x0000000704200000, 0x0000000704200000, 0x0000000704400000|  0%| F|  |TAMS 0x0000000704200000, 0x0000000704200000| Untracked 
|   5|0x0000000704400000, 0x0000000704400000, 0x0000000704600000|  0%| F|  |TAMS 0x0000000704400000, 0x0000000704400000| Untracked 
|   6|0x0000000704600000, 0x0000000704600000, 0x0000000704800000|  0%| F|  |TAMS 0x0000000704600000, 0x0000000704600000| Untracked 
|   7|0x0000000704800000, 0x0000000704800000, 0x0000000704a00000|  0%| F|  |TAMS 0x0000000704800000, 0x0000000704800000| Untracked 
|   8|0x0000000704a00000, 0x0000000704a00000, 0x0000000704c00000|  0%| F|  |TAMS 0x0000000704a00000, 0x0000000704a00000| Untracked 
|   9|0x0000000704c00000, 0x0000000704c00000, 0x0000000704e00000|  0%| F|  |TAMS 0x0000000704c00000, 0x0000000704c00000| Untracked 
|  10|0x0000000704e00000, 0x0000000704e00000, 0x0000000705000000|  0%| F|  |TAMS 0x0000000704e00000, 0x0000000704e00000| Untracked 
|  11|0x0000000705000000, 0x0000000705000000, 0x0000000705200000|  0%| F|  |TAMS 0x0000000705000000, 0x0000000705000000| Untracked 
|  12|0x0000000705200000, 0x0000000705200000, 0x0000000705400000|  0%| F|  |TAMS 0x0000000705200000, 0x0000000705200000| Untracked 
|  13|0x0000000705400000, 0x0000000705400000, 0x0000000705600000|  0%| F|  |TAMS 0x0000000705400000, 0x0000000705400000| Untracked 
|  14|0x0000000705600000, 0x0000000705600000, 0x0000000705800000|  0%| F|  |TAMS 0x0000000705600000, 0x0000000705600000| Untracked 
|  15|0x0000000705800000, 0x0000000705800000, 0x0000000705a00000|  0%| F|  |TAMS 0x0000000705800000, 0x0000000705800000| Untracked 
|  16|0x0000000705a00000, 0x0000000705a00000, 0x0000000705c00000|  0%| F|  |TAMS 0x0000000705a00000, 0x0000000705a00000| Untracked 
|  17|0x0000000705c00000, 0x0000000705c00000, 0x0000000705e00000|  0%| F|  |TAMS 0x0000000705c00000, 0x0000000705c00000| Untracked 
|  18|0x0000000705e00000, 0x0000000705e00000, 0x0000000706000000|  0%| F|  |TAMS 0x0000000705e00000, 0x0000000705e00000| Untracked 
|  19|0x0000000706000000, 0x0000000706000000, 0x0000000706200000|  0%| F|  |TAMS 0x0000000706000000, 0x0000000706000000| Untracked 
|  20|0x0000000706200000, 0x0000000706200000, 0x0000000706400000|  0%| F|  |TAMS 0x0000000706200000, 0x0000000706200000| Untracked 
|  21|0x0000000706400000, 0x0000000706400000, 0x0000000706600000|  0%| F|  |TAMS 0x0000000706400000, 0x0000000706400000| Untracked 
|  22|0x0000000706600000, 0x0000000706600000, 0x0000000706800000|  0%| F|  |TAMS 0x0000000706600000, 0x0000000706600000| Untracked 
|  23|0x0000000706800000, 0x0000000706800000, 0x0000000706a00000|  0%| F|  |TAMS 0x0000000706800000, 0x0000000706800000| Untracked 
|  24|0x0000000706a00000, 0x0000000706a00000, 0x0000000706c00000|  0%| F|  |TAMS 0x0000000706a00000, 0x0000000706a00000| Untracked 
|  25|0x0000000706c00000, 0x0000000706c00000, 0x0000000706e00000|  0%| F|  |TAMS 0x0000000706c00000, 0x0000000706c00000| Untracked 
|  26|0x0000000706e00000, 0x0000000706e00000, 0x0000000707000000|  0%| F|  |TAMS 0x0000000706e00000, 0x0000000706e00000| Untracked 
|  27|0x0000000707000000, 0x0000000707000000, 0x0000000707200000|  0%| F|  |TAMS 0x0000000707000000, 0x0000000707000000| Untracked 
|  28|0x0000000707200000, 0x0000000707200000, 0x0000000707400000|  0%| F|  |TAMS 0x0000000707200000, 0x0000000707200000| Untracked 
|  29|0x0000000707400000, 0x0000000707400000, 0x0000000707600000|  0%| F|  |TAMS 0x0000000707400000, 0x0000000707400000| Untracked 
|  30|0x0000000707600000, 0x0000000707600000, 0x0000000707800000|  0%| F|  |TAMS 0x0000000707600000, 0x0000000707600000| Untracked 
|  31|0x0000000707800000, 0x0000000707800000, 0x0000000707a00000|  0%| F|  |TAMS 0x0000000707800000, 0x0000000707800000| Untracked 
|  32|0x0000000707a00000, 0x0000000707a00000, 0x0000000707c00000|  0%| F|  |TAMS 0x0000000707a00000, 0x0000000707a00000| Untracked 
|  33|0x0000000707c00000, 0x0000000707c00000, 0x0000000707e00000|  0%| F|  |TAMS 0x0000000707c00000, 0x0000000707c00000| Untracked 
|  34|0x0000000707e00000, 0x0000000707e00000, 0x0000000708000000|  0%| F|  |TAMS 0x0000000707e00000, 0x0000000707e00000| Untracked 
|  35|0x0000000708000000, 0x0000000708000000, 0x0000000708200000|  0%| F|  |TAMS 0x0000000708000000, 0x0000000708000000| Untracked 
|  36|0x0000000708200000, 0x0000000708200000, 0x0000000708400000|  0%| F|  |TAMS 0x0000000708200000, 0x0000000708200000| Untracked 
|  37|0x0000000708400000, 0x0000000708400000, 0x0000000708600000|  0%| F|  |TAMS 0x0000000708400000, 0x0000000708400000| Untracked 
|  38|0x0000000708600000, 0x0000000708600000, 0x0000000708800000|  0%| F|  |TAMS 0x0000000708600000, 0x0000000708600000| Untracked 
|  39|0x0000000708800000, 0x0000000708800000, 0x0000000708a00000|  0%| F|  |TAMS 0x0000000708800000, 0x0000000708800000| Untracked 
|  40|0x0000000708a00000, 0x0000000708a00000, 0x0000000708c00000|  0%| F|  |TAMS 0x0000000708a00000, 0x0000000708a00000| Untracked 
|  41|0x0000000708c00000, 0x0000000708c00000, 0x0000000708e00000|  0%| F|  |TAMS 0x0000000708c00000, 0x0000000708c00000| Untracked 
|  42|0x0000000708e00000, 0x0000000708e00000, 0x0000000709000000|  0%| F|  |TAMS 0x0000000708e00000, 0x0000000708e00000| Untracked 
|  43|0x0000000709000000, 0x0000000709000000, 0x0000000709200000|  0%| F|  |TAMS 0x0000000709000000, 0x0000000709000000| Untracked 
|  44|0x0000000709200000, 0x0000000709200000, 0x0000000709400000|  0%| F|  |TAMS 0x0000000709200000, 0x0000000709200000| Untracked 
|  45|0x0000000709400000, 0x0000000709400000, 0x0000000709600000|  0%| F|  |TAMS 0x0000000709400000, 0x0000000709400000| Untracked 
|  46|0x0000000709600000, 0x0000000709600000, 0x0000000709800000|  0%| F|  |TAMS 0x0000000709600000, 0x0000000709600000| Untracked 
|  47|0x0000000709800000, 0x0000000709800000, 0x0000000709a00000|  0%| F|  |TAMS 0x0000000709800000, 0x0000000709800000| Untracked 
|  48|0x0000000709a00000, 0x0000000709a00000, 0x0000000709c00000|  0%| F|  |TAMS 0x0000000709a00000, 0x0000000709a00000| Untracked 
|  49|0x0000000709c00000, 0x0000000709c00000, 0x0000000709e00000|  0%| F|  |TAMS 0x0000000709c00000, 0x0000000709c00000| Untracked 
|  50|0x0000000709e00000, 0x0000000709e00000, 0x000000070a000000|  0%| F|  |TAMS 0x0000000709e00000, 0x0000000709e00000| Untracked 
|  51|0x000000070a000000, 0x000000070a000000, 0x000000070a200000|  0%| F|  |TAMS 0x000000070a000000, 0x000000070a000000| Untracked 
|  52|0x000000070a200000, 0x000000070a200000, 0x000000070a400000|  0%| F|  |TAMS 0x000000070a200000, 0x000000070a200000| Untracked 
|  53|0x000000070a400000, 0x000000070a400000, 0x000000070a600000|  0%| F|  |TAMS 0x000000070a400000, 0x000000070a400000| Untracked 
|  54|0x000000070a600000, 0x000000070a600000, 0x000000070a800000|  0%| F|  |TAMS 0x000000070a600000, 0x000000070a600000| Untracked 
|  55|0x000000070a800000, 0x000000070a800000, 0x000000070aa00000|  0%| F|  |TAMS 0x000000070a800000, 0x000000070a800000| Untracked 
|  56|0x000000070aa00000, 0x000000070aa00000, 0x000000070ac00000|  0%| F|  |TAMS 0x000000070aa00000, 0x000000070aa00000| Untracked 
|  57|0x000000070ac00000, 0x000000070ac00000, 0x000000070ae00000|  0%| F|  |TAMS 0x000000070ac00000, 0x000000070ac00000| Untracked 
|  58|0x000000070ae00000, 0x000000070ae00000, 0x000000070b000000|  0%| F|  |TAMS 0x000000070ae00000, 0x000000070ae00000| Untracked 
|  59|0x000000070b000000, 0x000000070b000000, 0x000000070b200000|  0%| F|  |TAMS 0x000000070b000000, 0x000000070b000000| Untracked 
|  60|0x000000070b200000, 0x000000070b200000, 0x000000070b400000|  0%| F|  |TAMS 0x000000070b200000, 0x000000070b200000| Untracked 
|  61|0x000000070b400000, 0x000000070b400000, 0x000000070b600000|  0%| F|  |TAMS 0x000000070b400000, 0x000000070b400000| Untracked 
|  62|0x000000070b600000, 0x000000070b600000, 0x000000070b800000|  0%| F|  |TAMS 0x000000070b600000, 0x000000070b600000| Untracked 
|  63|0x000000070b800000, 0x000000070b800000, 0x000000070ba00000|  0%| F|  |TAMS 0x000000070b800000, 0x000000070b800000| Untracked 
|  64|0x000000070ba00000, 0x000000070ba00000, 0x000000070bc00000|  0%| F|  |TAMS 0x000000070ba00000, 0x000000070ba00000| Untracked 
|  65|0x000000070bc00000, 0x000000070bc00000, 0x000000070be00000|  0%| F|  |TAMS 0x000000070bc00000, 0x000000070bc00000| Untracked 
|  66|0x000000070be00000, 0x000000070be00000, 0x000000070c000000|  0%| F|  |TAMS 0x000000070be00000, 0x000000070be00000| Untracked 
|  67|0x000000070c000000, 0x000000070c000000, 0x000000070c200000|  0%| F|  |TAMS 0x000000070c000000, 0x000000070c000000| Untracked 
|  68|0x000000070c200000, 0x000000070c200000, 0x000000070c400000|  0%| F|  |TAMS 0x000000070c200000, 0x000000070c200000| Untracked 
|  69|0x000000070c400000, 0x000000070c400000, 0x000000070c600000|  0%| F|  |TAMS 0x000000070c400000, 0x000000070c400000| Untracked 
|  70|0x000000070c600000, 0x000000070c600000, 0x000000070c800000|  0%| F|  |TAMS 0x000000070c600000, 0x000000070c600000| Untracked 
|  71|0x000000070c800000, 0x000000070c800000, 0x000000070ca00000|  0%| F|  |TAMS 0x000000070c800000, 0x000000070c800000| Untracked 
|  72|0x000000070ca00000, 0x000000070ca00000, 0x000000070cc00000|  0%| F|  |TAMS 0x000000070ca00000, 0x000000070ca00000| Untracked 
|  73|0x000000070cc00000, 0x000000070cc00000, 0x000000070ce00000|  0%| F|  |TAMS 0x000000070cc00000, 0x000000070cc00000| Untracked 
|  74|0x000000070ce00000, 0x000000070ce00000, 0x000000070d000000|  0%| F|  |TAMS 0x000000070ce00000, 0x000000070ce00000| Untracked 
|  75|0x000000070d000000, 0x000000070d000000, 0x000000070d200000|  0%| F|  |TAMS 0x000000070d000000, 0x000000070d000000| Untracked 
|  76|0x000000070d200000, 0x000000070d200000, 0x000000070d400000|  0%| F|  |TAMS 0x000000070d200000, 0x000000070d200000| Untracked 
|  77|0x000000070d400000, 0x000000070d400000, 0x000000070d600000|  0%| F|  |TAMS 0x000000070d400000, 0x000000070d400000| Untracked 
|  78|0x000000070d600000, 0x000000070d600000, 0x000000070d800000|  0%| F|  |TAMS 0x000000070d600000, 0x000000070d600000| Untracked 
|  79|0x000000070d800000, 0x000000070d800000, 0x000000070da00000|  0%| F|  |TAMS 0x000000070d800000, 0x000000070d800000| Untracked 
|  80|0x000000070da00000, 0x000000070da00000, 0x000000070dc00000|  0%| F|  |TAMS 0x000000070da00000, 0x000000070da00000| Untracked 
|  81|0x000000070dc00000, 0x000000070dc00000, 0x000000070de00000|  0%| F|  |TAMS 0x000000070dc00000, 0x000000070dc00000| Untracked 
|  82|0x000000070de00000, 0x000000070de00000, 0x000000070e000000|  0%| F|  |TAMS 0x000000070de00000, 0x000000070de00000| Untracked 
|  83|0x000000070e000000, 0x000000070e000000, 0x000000070e200000|  0%| F|  |TAMS 0x000000070e000000, 0x000000070e000000| Untracked 
|  84|0x000000070e200000, 0x000000070e200000, 0x000000070e400000|  0%| F|  |TAMS 0x000000070e200000, 0x000000070e200000| Untracked 
|  85|0x000000070e400000, 0x000000070e400000, 0x000000070e600000|  0%| F|  |TAMS 0x000000070e400000, 0x000000070e400000| Untracked 
|  86|0x000000070e600000, 0x000000070e600000, 0x000000070e800000|  0%| F|  |TAMS 0x000000070e600000, 0x000000070e600000| Untracked 
|  87|0x000000070e800000, 0x000000070e800000, 0x000000070ea00000|  0%| F|  |TAMS 0x000000070e800000, 0x000000070e800000| Untracked 
|  88|0x000000070ea00000, 0x000000070ea00000, 0x000000070ec00000|  0%| F|  |TAMS 0x000000070ea00000, 0x000000070ea00000| Untracked 
|  89|0x000000070ec00000, 0x000000070ec00000, 0x000000070ee00000|  0%| F|  |TAMS 0x000000070ec00000, 0x000000070ec00000| Untracked 
|  90|0x000000070ee00000, 0x000000070ee00000, 0x000000070f000000|  0%| F|  |TAMS 0x000000070ee00000, 0x000000070ee00000| Untracked 
|  91|0x000000070f000000, 0x000000070f000000, 0x000000070f200000|  0%| F|  |TAMS 0x000000070f000000, 0x000000070f000000| Untracked 
|  92|0x000000070f200000, 0x000000070f200000, 0x000000070f400000|  0%| F|  |TAMS 0x000000070f200000, 0x000000070f200000| Untracked 
|  93|0x000000070f400000, 0x000000070f400000, 0x000000070f600000|  0%| F|  |TAMS 0x000000070f400000, 0x000000070f400000| Untracked 
|  94|0x000000070f600000, 0x000000070f600000, 0x000000070f800000|  0%| F|  |TAMS 0x000000070f600000, 0x000000070f600000| Untracked 
|  95|0x000000070f800000, 0x000000070f800000, 0x000000070fa00000|  0%| F|  |TAMS 0x000000070f800000, 0x000000070f800000| Untracked 
|  96|0x000000070fa00000, 0x000000070fa00000, 0x000000070fc00000|  0%| F|  |TAMS 0x000000070fa00000, 0x000000070fa00000| Untracked 
|  97|0x000000070fc00000, 0x000000070fc00000, 0x000000070fe00000|  0%| F|  |TAMS 0x000000070fc00000, 0x000000070fc00000| Untracked 
|  98|0x000000070fe00000, 0x000000070fe00000, 0x0000000710000000|  0%| F|  |TAMS 0x000000070fe00000, 0x000000070fe00000| Untracked 
|  99|0x0000000710000000, 0x0000000710000000, 0x0000000710200000|  0%| F|  |TAMS 0x0000000710000000, 0x0000000710000000| Untracked 
| 100|0x0000000710200000, 0x0000000710200000, 0x0000000710400000|  0%| F|  |TAMS 0x0000000710200000, 0x0000000710200000| Untracked 
| 101|0x0000000710400000, 0x0000000710400000, 0x0000000710600000|  0%| F|  |TAMS 0x0000000710400000, 0x0000000710400000| Untracked 
| 102|0x0000000710600000, 0x0000000710600000, 0x0000000710800000|  0%| F|  |TAMS 0x0000000710600000, 0x0000000710600000| Untracked 
| 103|0x0000000710800000, 0x0000000710800000, 0x0000000710a00000|  0%| F|  |TAMS 0x0000000710800000, 0x0000000710800000| Untracked 
| 104|0x0000000710a00000, 0x0000000710a00000, 0x0000000710c00000|  0%| F|  |TAMS 0x0000000710a00000, 0x0000000710a00000| Untracked 
| 105|0x0000000710c00000, 0x0000000710c00000, 0x0000000710e00000|  0%| F|  |TAMS 0x0000000710c00000, 0x0000000710c00000| Untracked 
| 106|0x0000000710e00000, 0x0000000710e00000, 0x0000000711000000|  0%| F|  |TAMS 0x0000000710e00000, 0x0000000710e00000| Untracked 
| 107|0x0000000711000000, 0x0000000711000000, 0x0000000711200000|  0%| F|  |TAMS 0x0000000711000000, 0x0000000711000000| Untracked 
| 108|0x0000000711200000, 0x0000000711200000, 0x0000000711400000|  0%| F|  |TAMS 0x0000000711200000, 0x0000000711200000| Untracked 
| 109|0x0000000711400000, 0x0000000711400000, 0x0000000711600000|  0%| F|  |TAMS 0x0000000711400000, 0x0000000711400000| Untracked 
| 110|0x0000000711600000, 0x0000000711600000, 0x0000000711800000|  0%| F|  |TAMS 0x0000000711600000, 0x0000000711600000| Untracked 
| 111|0x0000000711800000, 0x0000000711800000, 0x0000000711a00000|  0%| F|  |TAMS 0x0000000711800000, 0x0000000711800000| Untracked 
| 112|0x0000000711a00000, 0x0000000711a00000, 0x0000000711c00000|  0%| F|  |TAMS 0x0000000711a00000, 0x0000000711a00000| Untracked 
| 113|0x0000000711c00000, 0x0000000711d67ff0, 0x0000000711e00000| 70%| E|  |TAMS 0x0000000711c00000, 0x0000000711c00000| Complete 
| 114|0x0000000711e00000, 0x0000000711e9bfd0, 0x0000000712000000| 30%| S|CS|TAMS 0x0000000711e00000, 0x0000000711e00000| Complete 
| 115|0x0000000712000000, 0x0000000712200000, 0x0000000712200000|100%| S|CS|TAMS 0x0000000712000000, 0x0000000712000000| Complete 
| 116|0x0000000712200000, 0x0000000712400000, 0x0000000712400000|100%| E|CS|TAMS 0x0000000712200000, 0x0000000712200000| Complete 
| 117|0x0000000712400000, 0x0000000712600000, 0x0000000712600000|100%| E|CS|TAMS 0x0000000712400000, 0x0000000712400000| Complete 
| 118|0x0000000712600000, 0x0000000712800000, 0x0000000712800000|100%| E|CS|TAMS 0x0000000712600000, 0x0000000712600000| Complete 
| 119|0x0000000712800000, 0x0000000712a00000, 0x0000000712a00000|100%| E|CS|TAMS 0x0000000712800000, 0x0000000712800000| Complete 
| 120|0x0000000712a00000, 0x0000000712c00000, 0x0000000712c00000|100%| E|CS|TAMS 0x0000000712a00000, 0x0000000712a00000| Complete 
| 121|0x0000000712c00000, 0x0000000712e00000, 0x0000000712e00000|100%| E|CS|TAMS 0x0000000712c00000, 0x0000000712c00000| Complete 
| 122|0x0000000712e00000, 0x0000000713000000, 0x0000000713000000|100%| E|CS|TAMS 0x0000000712e00000, 0x0000000712e00000| Complete 
| 123|0x0000000713000000, 0x0000000713200000, 0x0000000713200000|100%| E|CS|TAMS 0x0000000713000000, 0x0000000713000000| Complete 
| 124|0x0000000713200000, 0x0000000713400000, 0x0000000713400000|100%| E|CS|TAMS 0x0000000713200000, 0x0000000713200000| Complete 
| 125|0x0000000713400000, 0x0000000713600000, 0x0000000713600000|100%| E|CS|TAMS 0x0000000713400000, 0x0000000713400000| Complete 
| 126|0x0000000713600000, 0x0000000713800000, 0x0000000713800000|100%| E|CS|TAMS 0x0000000713600000, 0x0000000713600000| Complete 

Card table byte_map: [0x0000026d7f020000,0x0000026d7f810000] _byte_map_base: 0x0000026d7b803000

Marking Bits (Prev, Next): (CMBitMap*) 0x0000026d7df379a0, (CMBitMap*) 0x0000026d7df379e0
 Prev Bits: [0x0000026d125e0000, 0x0000026d164f8000)
 Next Bits: [0x0000026d16500000, 0x0000026d1a418000)

Polling page: 0x0000026d7beb0000

Metaspace:

Usage:
  Non-class:     13.23 MB used.
      Class:      1.49 MB used.
       Both:     14.73 MB used.

Virtual space:
  Non-class space:       16.00 MB reserved,      13.31 MB ( 83%) committed,  2 nodes.
      Class space:        1.00 GB reserved,       1.56 MB ( <1%) committed,  1 nodes.
             Both:        1.02 GB reserved,      14.88 MB (  1%) committed. 

Chunk freelists:
   Non-Class:  2.31 MB
       Class:  2.41 MB
        Both:  4.72 MB

MaxMetaspaceSize: unlimited
CompressedClassSpaceSize: 1.00 GB
Initial GC threshold: 21.00 MB
Current GC threshold: 21.00 MB
CDS: off
MetaspaceReclaimPolicy: balanced
 - commit_granule_bytes: 65536.
 - commit_granule_words: 8192.
 - virtual_space_node_default_size: 1048576.
 - enlarge_chunks_in_place: 1.
 - new_chunks_are_fully_committed: 0.
 - uncommit_free_chunks: 1.
 - use_allocation_guard: 0.
 - handle_deallocations: 1.


Internal statistics:

num_allocs_failed_limit: 0.
num_arena_births: 98.
num_arena_deaths: 0.
num_vsnodes_births: 3.
num_vsnodes_deaths: 0.
num_space_committed: 238.
num_space_uncommitted: 0.
num_chunks_returned_to_freelist: 0.
num_chunks_taken_from_freelist: 324.
num_chunk_merges: 0.
num_chunk_splits: 163.
num_chunks_enlarged: 95.
num_purges: 0.
num_inconsistent_stats: 0.

CodeHeap 'non-profiled nmethods': size=119168Kb used=573Kb max_used=573Kb free=118594Kb
 bounds [0x0000026d0b180000, 0x0000026d0b3f0000, 0x0000026d125e0000]
CodeHeap 'profiled nmethods': size=119104Kb used=3932Kb max_used=3932Kb free=115171Kb
 bounds [0x0000026d03d30000, 0x0000026d04110000, 0x0000026d0b180000]
CodeHeap 'non-nmethods': size=7488Kb used=1240Kb max_used=1823Kb free=6247Kb
 bounds [0x0000026d035e0000, 0x0000026d03850000, 0x0000026d03d30000]
 total_blobs=2277 nmethods=1832 adapters=357
 compilation: enabled
              stopped_count=0, restarted_count=0
 full_count=0

Compilation events (20 events):
Event: 1.776 Thread 0x0000026d1e0acc60 1822       3       org.eclipse.jdt.launching.internal.org.objectweb.asm.SymbolTable::copyBootstrapMethods (259 bytes)
Event: 1.778 Thread 0x0000026d1e0acc60 nmethod 1822 0x0000026d04103110 code [0x0000026d04103400, 0x0000026d041042d8]
Event: 1.781 Thread 0x0000026d1e09ba00 1823   !   4       java.util.concurrent.ConcurrentHashMap::putVal (432 bytes)
Event: 1.783 Thread 0x0000026d1e23fdf0 1824 %     3       org.eclipse.jdt.launching.internal.org.objectweb.asm.ClassReader::readUtf @ 18 (161 bytes)
Event: 1.784 Thread 0x0000026d1e23fdf0 nmethod 1824% 0x0000026d04104a10 code [0x0000026d04104be0, 0x0000026d04105168]
Event: 1.787 Thread 0x0000026d1ebee940 1825       4       java.lang.StringUTF16::getChar (60 bytes)
Event: 1.788 Thread 0x0000026d1ebee940 nmethod 1825 0x0000026d0b20be90 code [0x0000026d0b20c000, 0x0000026d0b20c0d8]
Event: 1.788 Thread 0x0000026d1e0acc60 1826       3       java.lang.String::hashCode (60 bytes)
Event: 1.788 Thread 0x0000026d1e0acc60 nmethod 1826 0x0000026d04105490 code [0x0000026d04105660, 0x0000026d041059d8]
Event: 1.793 Thread 0x0000026d1e0acc60 1827       3       org.eclipse.jdt.launching.internal.org.objectweb.asm.ClassReader::readUtf (161 bytes)
Event: 1.794 Thread 0x0000026d1e0acc60 nmethod 1827 0x0000026d04105b10 code [0x0000026d04105ce0, 0x0000026d041061a8]
Event: 1.797 Thread 0x0000026d1ebee940 1828       4       java.lang.invoke.MethodType::hashCode (53 bytes)
Event: 1.801 Thread 0x0000026d1ebee940 nmethod 1828 0x0000026d0b20c190 code [0x0000026d0b20c320, 0x0000026d0b20c518]
Event: 1.815 Thread 0x0000026d1e09ba00 nmethod 1823 0x0000026d0b20c710 code [0x0000026d0b20c920, 0x0000026d0b20dfd0]
Event: 72.374 Thread 0x0000026d1e0acc60 1829       3       org.eclipse.jdt.launching.internal.org.objectweb.asm.SymbolTable::addConstantUtf8Reference (20 bytes)
Event: 72.374 Thread 0x0000026d1e0acc60 nmethod 1829 0x0000026d04106490 code [0x0000026d04106660, 0x0000026d04106928]
Event: 2401.519 Thread 0x0000026d1e0acc60 1831       3       java.lang.ref.ReferenceQueue::reallyPoll (65 bytes)
Event: 2401.520 Thread 0x0000026d1e0acc60 nmethod 1831 0x0000026d04106b10 code [0x0000026d04106ce0, 0x0000026d04107238]
Event: 2727.714 Thread 0x0000026d1e09ba00 1832       4       org.eclipse.jdt.launching.internal.org.objectweb.asm.ByteVector::putByteArray (49 bytes)
Event: 2727.715 Thread 0x0000026d1e09ba00 nmethod 1832 0x0000026d0b20f190 code [0x0000026d0b20f300, 0x0000026d0b20f4b8]

GC Heap History (2 events):
Event: 1.206 GC heap before
{Heap before GC invocations=0 (full 0):
 garbage-first heap   total 260096K, used 22528K [0x0000000703a00000, 0x0000000800000000)
  region size 2048K, 11 young (22528K), 0 survivors (0K)
 Metaspace       used 11883K, committed 12032K, reserved 1064960K
  class space    used 1072K, committed 1152K, reserved 1048576K
}
Event: 1.212 GC heap after
{Heap after GC invocations=1 (full 0):
 garbage-first heap   total 260096K, used 2671K [0x0000000703a00000, 0x0000000800000000)
  region size 2048K, 2 young (4096K), 2 survivors (4096K)
 Metaspace       used 11883K, committed 12032K, reserved 1064960K
  class space    used 1072K, committed 1152K, reserved 1048576K
}

Deoptimization events (20 events):
Event: 1.671 Thread 0x0000026d7decba40 DEOPT PACKING pc=0x0000026d03e73fce sp=0x000000d2f03fc930
Event: 1.671 Thread 0x0000026d7decba40 DEOPT UNPACKING pc=0x0000026d03636763 sp=0x000000d2f03fbdb0 mode 0
Event: 1.711 Thread 0x0000026d7decba40 DEOPT PACKING pc=0x0000026d03de9a7b sp=0x000000d2f03fda70
Event: 1.711 Thread 0x0000026d7decba40 DEOPT UNPACKING pc=0x0000026d03636763 sp=0x000000d2f03fcf98 mode 0
Event: 1.782 Thread 0x0000026d7decba40 Uncommon trap: trap_request=0xffffff45 fr.pc=0x0000026d0b203398 relative=0x0000000000000658
Event: 1.783 Thread 0x0000026d7decba40 Uncommon trap: reason=unstable_if action=reinterpret pc=0x0000026d0b203398 method=java.lang.String.<init>([CIILjava/lang/Void;)V @ 43 c2
Event: 1.783 Thread 0x0000026d7decba40 DEOPT PACKING pc=0x0000026d0b203398 sp=0x000000d2f03fa080
Event: 1.783 Thread 0x0000026d7decba40 DEOPT UNPACKING pc=0x0000026d03635c23 sp=0x000000d2f03f9f60 mode 2
Event: 1.783 Thread 0x0000026d7decba40 Uncommon trap: trap_request=0xffffff45 fr.pc=0x0000026d0b20484c relative=0x00000000000005ac
Event: 1.783 Thread 0x0000026d7decba40 Uncommon trap: reason=unstable_if action=reinterpret pc=0x0000026d0b20484c method=java.lang.String.hashCode()I @ 20 c2
Event: 1.783 Thread 0x0000026d7decba40 DEOPT PACKING pc=0x0000026d0b20484c sp=0x000000d2f03fa130
Event: 1.783 Thread 0x0000026d7decba40 DEOPT UNPACKING pc=0x0000026d03635c23 sp=0x000000d2f03fa010 mode 2
Event: 1.783 Thread 0x0000026d7decba40 Uncommon trap: trap_request=0xffffff45 fr.pc=0x0000026d0b189cac relative=0x00000000000001ac
Event: 1.783 Thread 0x0000026d7decba40 Uncommon trap: reason=unstable_if action=reinterpret pc=0x0000026d0b189cac method=java.lang.String.isLatin1()Z @ 10 c2
Event: 1.783 Thread 0x0000026d7decba40 DEOPT PACKING pc=0x0000026d0b189cac sp=0x000000d2f03fa080
Event: 1.783 Thread 0x0000026d7decba40 DEOPT UNPACKING pc=0x0000026d03635c23 sp=0x000000d2f03f9fb0 mode 2
Event: 1.784 Thread 0x0000026d7decba40 Uncommon trap: trap_request=0xffffff45 fr.pc=0x0000026d0b1977c8 relative=0x0000000000000048
Event: 1.784 Thread 0x0000026d7decba40 Uncommon trap: reason=unstable_if action=reinterpret pc=0x0000026d0b1977c8 method=java.lang.CharacterData.of(I)Ljava/lang/CharacterData; @ 4 c2
Event: 1.784 Thread 0x0000026d7decba40 DEOPT PACKING pc=0x0000026d0b1977c8 sp=0x000000d2f03fba30
Event: 1.784 Thread 0x0000026d7decba40 DEOPT UNPACKING pc=0x0000026d03635c23 sp=0x000000d2f03fb9d0 mode 2

Classes unloaded (0 events):
No events

Classes redefined (7 events):
Event: 72.379 Thread 0x0000026d1e0276b0 redefined class name=no.hvl.dat102.adt.OrdnetListeADTTest, count=1
Event: 118.533 Thread 0x0000026d1e0276b0 redefined class name=no.hvl.dat102.tabell.TabellOrdnetListe, count=1
Event: 249.886 Thread 0x0000026d1e0276b0 redefined class name=no.hvl.dat102.tabell.TabellOrdnetListe, count=2
Event: 495.012 Thread 0x0000026d1e0276b0 redefined class name=no.hvl.dat102.tabell.TabellOrdnetListe, count=3
Event: 698.645 Thread 0x0000026d1e0276b0 redefined class name=no.hvl.dat102.tabell.TabellOrdnetListe, count=4
Event: 997.453 Thread 0x0000026d1e0276b0 redefined class name=no.hvl.dat102.tabell.TabellOrdnetListe, count=5
Event: 1197.625 Thread 0x0000026d1e0276b0 redefined class name=no.hvl.dat102.tabell.TabellOrdnetListe, count=6

Internal exceptions (20 events):
Event: 1.579 Thread 0x0000026d7decba40 Exception <a 'sun/nio/fs/WindowsException'{0x0000000712864c40}> (0x0000000712864c40) 
thrown [e:\jenkins\tmp\workspace\build\src\src\hotspot\share\prims\jni.cpp, line 516]
Event: 1.582 Thread 0x0000026d7decba40 Exception <a 'sun/nio/fs/WindowsException'{0x000000071287aa90}> (0x000000071287aa90) 
thrown [e:\jenkins\tmp\workspace\build\src\src\hotspot\share\prims\jni.cpp, line 516]
Event: 1.584 Thread 0x0000026d7decba40 Exception <a 'sun/nio/fs/WindowsException'{0x0000000712881db0}> (0x0000000712881db0) 
thrown [e:\jenkins\tmp\workspace\build\src\src\hotspot\share\prims\jni.cpp, line 516]
Event: 1.587 Thread 0x0000026d7decba40 Exception <a 'sun/nio/fs/WindowsException'{0x000000071288cdb8}> (0x000000071288cdb8) 
thrown [e:\jenkins\tmp\workspace\build\src\src\hotspot\share\prims\jni.cpp, line 516]
Event: 1.597 Thread 0x0000026d7decba40 Exception <a 'sun/nio/fs/WindowsException'{0x00000007128c1eb8}> (0x00000007128c1eb8) 
thrown [e:\jenkins\tmp\workspace\build\src\src\hotspot\share\prims\jni.cpp, line 516]
Event: 1.598 Thread 0x0000026d7decba40 Exception <a 'sun/nio/fs/WindowsException'{0x00000007128c9450}> (0x00000007128c9450) 
thrown [e:\jenkins\tmp\workspace\build\src\src\hotspot\share\prims\jni.cpp, line 516]
Event: 1.604 Thread 0x0000026d7decba40 Exception <a 'java/lang/NoSuchMethodError'{0x00000007128e3010}: 'java.lang.Object java.lang.invoke.DirectMethodHandle$Holder.newInvokeSpecial(java.lang.Object, java.lang.Object, int)'> (0x00000007128e3010) 
thrown [e:\jenkins\tmp\workspace\build\src\src\hotspot\share\interpreter\linkResolver.cpp, line 766]
Event: 1.626 Thread 0x0000026d7decba40 Exception <a 'java/lang/NoSuchMethodError'{0x000000071297c630}: 'void java.lang.invoke.DirectMethodHandle$Holder.invokeInterface(java.lang.Object, java.lang.Object, java.lang.Object, java.lang.Object)'> (0x000000071297c630) 
thrown [e:\jenkins\tmp\workspace\build\src\src\hotspot\share\interpreter\linkResolver.cpp, line 766]
Event: 1.626 Thread 0x0000026d7decba40 Exception <a 'java/lang/IncompatibleClassChangeError'{0x000000071297ff58}: Found class java.lang.Object, but interface was expected> (0x000000071297ff58) 
thrown [e:\jenkins\tmp\workspace\build\src\src\hotspot\share\interpreter\linkResolver.cpp, line 833]
Event: 1.630 Thread 0x0000026d7decba40 Exception <a 'java/lang/NoSuchMethodError'{0x00000007129a4738}: 'void java.lang.invoke.DirectMethodHandle$Holder.invokeStatic(java.lang.Object, java.lang.Object, java.lang.Object, java.lang.Object)'> (0x00000007129a4738) 
thrown [e:\jenkins\tmp\workspace\build\src\src\hotspot\share\interpreter\linkResolver.cpp, line 766]
Event: 1.649 Thread 0x0000026d7decba40 Exception <a 'java/lang/NoSuchMethodError'{0x000000071268a4f0}: 'int java.lang.invoke.DirectMethodHandle$Holder.invokeStatic(java.lang.Object, java.lang.Object, java.lang.Object, java.lang.Object)'> (0x000000071268a4f0) 
thrown [e:\jenkins\tmp\workspace\build\src\src\hotspot\share\interpreter\linkResolver.cpp, line 766]
Event: 1.649 Thread 0x0000026d7decba40 Exception <a 'java/lang/NoSuchMethodError'{0x000000071268de70}: 'java.lang.Object java.lang.invoke.Invokers$Holder.invokeExact_MT(java.lang.Object, java.lang.Object, java.lang.Object, java.lang.Object, java.lang.Object, java.lang.Object)'> (0x000000071268de70) 
thrown [e:\jenkins\tmp\workspace\build\src\src\hotspot\share\interpreter\linkResolver.cpp, line 766]
Event: 1.652 Thread 0x0000026d7decba40 Exception <a 'java/lang/NoSuchMethodError'{0x000000071269e508}: 'int java.lang.invoke.DirectMethodHandle$Holder.invokeStatic(java.lang.Object, java.lang.Object, java.lang.Object, java.lang.Object, java.lang.Object)'> (0x000000071269e508) 
thrown [e:\jenkins\tmp\workspace\build\src\src\hotspot\share\interpreter\linkResolver.cpp, line 766]
Event: 1.715 Thread 0x0000026d7decba40 Exception <a 'java/lang/NoSuchMethodError'{0x00000007125be7e0}: 'int java.lang.invoke.DirectMethodHandle$Holder.invokeStaticInit(java.lang.Object, java.lang.Object)'> (0x00000007125be7e0) 
thrown [e:\jenkins\tmp\workspace\build\src\src\hotspot\share\interpreter\linkResolver.cpp, line 766]
Event: 1.756 Thread 0x0000026d7decba40 Exception <a 'java/lang/NoSuchMethodError'{0x000000071230e340}: 'java.lang.Object java.lang.invoke.DirectMethodHandle$Holder.newInvokeSpecial(java.lang.Object, java.lang.Object, java.lang.Object, java.lang.Object, java.lang.Object, java.lang.Object, java.lang.Object)'> (0x000000071230e340) 
thrown [e:\jenkins\tmp\workspace\build\src\src\hotspot\share\interpreter\linkResolver.cpp, line 766]
Event: 1.756 Thread 0x0000026d7decba40 Exception <a 'java/lang/NoSuchMethodError'{0x0000000712312ef8}: 'java.lang.Object java.lang.invoke.Invokers$Holder.linkToTargetMethod(java.lang.Object, java.lang.Object, java.lang.Object, java.lang.Object, java.lang.Object, java.lang.Object, java.lang.Object)'> (0x0000000712312ef8) 
thrown [e:\jenkins\tmp\workspace\build\src\src\hotspot\share\interpreter\linkResolver.cpp, line 766]
Event: 1.757 Thread 0x0000026d7decba40 Exception <a 'java/lang/NoSuchMethodError'{0x00000007123193c0}: 'java.lang.Object java.lang.invoke.DirectMethodHandle$Holder.invokeInterface(java.lang.Object, java.lang.Object, java.lang.Object, java.lang.Object, java.lang.Object)'> (0x00000007123193c0) 
thrown [e:\jenkins\tmp\workspace\build\src\src\hotspot\share\interpreter\linkResolver.cpp, line 766]
Event: 1.757 Thread 0x0000026d7decba40 Exception <a 'java/lang/IncompatibleClassChangeError'{0x000000071231d1b8}: Found class java.lang.Object, but interface was expected> (0x000000071231d1b8) 
thrown [e:\jenkins\tmp\workspace\build\src\src\hotspot\share\interpreter\linkResolver.cpp, line 833]
Event: 1.767 Thread 0x0000026d7decba40 Exception <a 'java/lang/NoSuchMethodError'{0x0000000712382658}: 'int java.lang.invoke.DirectMethodHandle$Holder.invokeInterface(java.lang.Object, java.lang.Object)'> (0x0000000712382658) 
thrown [e:\jenkins\tmp\workspace\build\src\src\hotspot\share\interpreter\linkResolver.cpp, line 766]
Event: 1.775 Thread 0x0000026d7decba40 Exception <a 'java/lang/IncompatibleClassChangeError'{0x00000007123ab698}: Found class java.lang.Object, but interface was expected> (0x00000007123ab698) 
thrown [e:\jenkins\tmp\workspace\build\src\src\hotspot\share\interpreter\linkResolver.cpp, line 833]

VM Operations (20 events):
Event: 733.615 Executing VM operation: get/set locals
Event: 733.615 Executing VM operation: get/set locals done
Event: 997.447 Executing VM operation: RedefineClasses
Event: 997.461 Executing VM operation: RedefineClasses done
Event: 1197.619 Executing VM operation: RedefineClasses
Event: 1197.632 Executing VM operation: RedefineClasses done
Event: 1984.516 Executing VM operation: ChangeBreakpoints
Event: 1984.516 Executing VM operation: ChangeBreakpoints done
Event: 3952.721 Executing VM operation: ChangeBreakpoints
Event: 3952.723 Executing VM operation: ChangeBreakpoints done
Event: 3959.634 Executing VM operation: get/set locals
Event: 3959.634 Executing VM operation: get/set locals done
Event: 3959.934 Executing VM operation: get/set locals
Event: 3959.934 Executing VM operation: get/set locals done
Event: 3959.934 Executing VM operation: get/set locals
Event: 3959.934 Executing VM operation: get/set locals done
Event: 3959.934 Executing VM operation: get/set locals
Event: 3959.934 Executing VM operation: get/set locals done
Event: 3959.935 Executing VM operation: get/set locals
Event: 3959.935 Executing VM operation: get/set locals done

Events (20 events):
Event: 1.715 loading class java/util/function/ToIntFunction
Event: 1.715 loading class java/util/function/ToIntFunction done
Event: 1.744 loading class java/util/stream/SpinedBuffer
Event: 1.744 loading class java/util/stream/AbstractSpinedBuffer
Event: 1.744 loading class java/util/stream/AbstractSpinedBuffer done
Event: 1.744 loading class java/util/stream/SpinedBuffer done
Event: 1.744 loading class java/util/function/BooleanSupplier
Event: 1.744 loading class java/util/function/BooleanSupplier done
Event: 1.760 loading class java/util/ArrayList$ListItr
Event: 1.761 loading class java/util/ArrayList$ListItr done
Event: 1.771 loading class sun/nio/ch/IOStatus
Event: 1.771 loading class sun/nio/ch/IOStatus done
Event: 1.783 loading class java/time/format/DateTimeParseException
Event: 1.783 loading class java/time/DateTimeException
Event: 1.783 loading class java/time/DateTimeException done
Event: 1.783 loading class java/time/format/DateTimeParseException done
Event: 1.784 loading class java/lang/CharacterData00
Event: 1.785 loading class java/lang/CharacterData00 done
Event: 6.807 Thread 0x0000026d1ebee940 Thread exited: 0x0000026d1ebee940
Event: 6.807 Thread 0x0000026d1e23fdf0 Thread exited: 0x0000026d1e23fdf0


Dynamic libraries:
0x00007ff6a6ab0000 - 0x00007ff6a6abe000 	C:\Users\eivin\Downloads\eclipse-java-2022-06-R-win32-x86_64\eclipse\plugins\org.eclipse.justj.openjdk.hotspot.jre.full.win32.x86_64_17.0.3.v20220515-1416\jre\bin\javaw.exe
0x00007fff21020000 - 0x00007fff21229000 	C:\Windows\SYSTEM32\ntdll.dll
0x00007fff1eea0000 - 0x00007fff1ef5e000 	C:\Windows\System32\KERNEL32.DLL
0x00007fff1e830000 - 0x00007fff1ebac000 	C:\Windows\System32\KERNELBASE.dll
0x00007fff1e4f0000 - 0x00007fff1e601000 	C:\Windows\System32\ucrtbase.dll
0x00007fff0f4f0000 - 0x00007fff0f508000 	C:\Users\eivin\Downloads\eclipse-java-2022-06-R-win32-x86_64\eclipse\plugins\org.eclipse.justj.openjdk.hotspot.jre.full.win32.x86_64_17.0.3.v20220515-1416\jre\bin\jli.dll
0x00007fff049b0000 - 0x00007fff049c9000 	C:\Users\eivin\Downloads\eclipse-java-2022-06-R-win32-x86_64\eclipse\plugins\org.eclipse.justj.openjdk.hotspot.jre.full.win32.x86_64_17.0.3.v20220515-1416\jre\bin\VCRUNTIME140.dll
0x00007fff20750000 - 0x00007fff208fd000 	C:\Windows\System32\USER32.dll
0x00007fff1e610000 - 0x00007fff1e636000 	C:\Windows\System32\win32u.dll
0x00007fff093a0000 - 0x00007fff09645000 	C:\Windows\WinSxS\amd64_microsoft.windows.common-controls_6595b64144ccf1df_6.0.22000.120_none_9d947278b86cc467\COMCTL32.dll
0x00007fff20a90000 - 0x00007fff20b33000 	C:\Windows\System32\msvcrt.dll
0x00007fff202a0000 - 0x00007fff202c9000 	C:\Windows\System32\GDI32.dll
0x00007fff1ed80000 - 0x00007fff1ee98000 	C:\Windows\System32\gdi32full.dll
0x00007fff1ece0000 - 0x00007fff1ed7d000 	C:\Windows\System32\msvcp_win.dll
0x00007fff1ef60000 - 0x00007fff1ef92000 	C:\Windows\System32\IMM32.DLL
0x00007fff195f0000 - 0x00007fff195fc000 	C:\Users\eivin\Downloads\eclipse-java-2022-06-R-win32-x86_64\eclipse\plugins\org.eclipse.justj.openjdk.hotspot.jre.full.win32.x86_64_17.0.3.v20220515-1416\jre\bin\vcruntime140_1.dll
0x00007ffeeda20000 - 0x00007ffeedab1000 	C:\Users\eivin\Downloads\eclipse-java-2022-06-R-win32-x86_64\eclipse\plugins\org.eclipse.justj.openjdk.hotspot.jre.full.win32.x86_64_17.0.3.v20220515-1416\jre\bin\msvcp140.dll
0x00007ffe6c460000 - 0x00007ffe6d0a8000 	C:\Users\eivin\Downloads\eclipse-java-2022-06-R-win32-x86_64\eclipse\plugins\org.eclipse.justj.openjdk.hotspot.jre.full.win32.x86_64_17.0.3.v20220515-1416\jre\bin\server\jvm.dll
0x00007fff1efa0000 - 0x00007fff1f04e000 	C:\Windows\System32\ADVAPI32.dll
0x00007fff20b40000 - 0x00007fff20bde000 	C:\Windows\System32\sechost.dll
0x00007fff20d60000 - 0x00007fff20e80000 	C:\Windows\System32\RPCRT4.dll
0x00007fff20fd0000 - 0x00007fff20fd8000 	C:\Windows\System32\PSAPI.DLL
0x00007ffef99a0000 - 0x00007ffef99a9000 	C:\Windows\SYSTEM32\WSOCK32.dll
0x00007fff18690000 - 0x00007fff186c3000 	C:\Windows\SYSTEM32\WINMM.dll
0x00007fff20f60000 - 0x00007fff20fcf000 	C:\Windows\System32\WS2_32.dll
0x00007fff13790000 - 0x00007fff1379a000 	C:\Windows\SYSTEM32\VERSION.dll
0x00007fff1d630000 - 0x00007fff1d648000 	C:\Windows\SYSTEM32\kernel.appcore.dll
0x00007fff13300000 - 0x00007fff1330a000 	C:\Users\eivin\Downloads\eclipse-java-2022-06-R-win32-x86_64\eclipse\plugins\org.eclipse.justj.openjdk.hotspot.jre.full.win32.x86_64_17.0.3.v20220515-1416\jre\bin\jimage.dll
0x00007fff1c130000 - 0x00007fff1c351000 	C:\Windows\SYSTEM32\DBGHELP.DLL
0x00007fff12f70000 - 0x00007fff12fa1000 	C:\Windows\SYSTEM32\dbgcore.DLL
0x00007fff1e640000 - 0x00007fff1e6bf000 	C:\Windows\System32\bcryptPrimitives.dll
0x00007fff19620000 - 0x00007fff1965b000 	C:\Users\eivin\Downloads\eclipse-java-2022-06-R-win32-x86_64\eclipse\plugins\org.eclipse.justj.openjdk.hotspot.jre.full.win32.x86_64_17.0.3.v20220515-1416\jre\bin\jdwp.dll
0x00007fff125d0000 - 0x00007fff125de000 	C:\Users\eivin\Downloads\eclipse-java-2022-06-R-win32-x86_64\eclipse\plugins\org.eclipse.justj.openjdk.hotspot.jre.full.win32.x86_64_17.0.3.v20220515-1416\jre\bin\instrument.dll
0x00007fff12520000 - 0x00007fff12545000 	C:\Users\eivin\Downloads\eclipse-java-2022-06-R-win32-x86_64\eclipse\plugins\org.eclipse.justj.openjdk.hotspot.jre.full.win32.x86_64_17.0.3.v20220515-1416\jre\bin\java.dll
0x00007fff132d0000 - 0x00007fff132e8000 	C:\Users\eivin\Downloads\eclipse-java-2022-06-R-win32-x86_64\eclipse\plugins\org.eclipse.justj.openjdk.hotspot.jre.full.win32.x86_64_17.0.3.v20220515-1416\jre\bin\zip.dll
0x00007fff1fa50000 - 0x00007fff20215000 	C:\Windows\System32\SHELL32.dll
0x00007fff1c5b0000 - 0x00007fff1ce15000 	C:\Windows\SYSTEM32\windows.storage.dll
0x00007fff1f480000 - 0x00007fff1f7f8000 	C:\Windows\System32\combase.dll
0x00007fff1c360000 - 0x00007fff1c4c6000 	C:\Windows\SYSTEM32\wintypes.dll
0x00007fff20be0000 - 0x00007fff20cca000 	C:\Windows\System32\SHCORE.dll
0x00007fff20a30000 - 0x00007fff20a8d000 	C:\Windows\System32\shlwapi.dll
0x00007fff1e420000 - 0x00007fff1e441000 	C:\Windows\SYSTEM32\profapi.dll
0x00007fff125c0000 - 0x00007fff125cc000 	C:\Users\eivin\Downloads\eclipse-java-2022-06-R-win32-x86_64\eclipse\plugins\org.eclipse.justj.openjdk.hotspot.jre.full.win32.x86_64_17.0.3.v20220515-1416\jre\bin\dt_socket.dll
0x00007fff1d140000 - 0x00007fff1d16d000 	C:\Windows\SYSTEM32\IPHLPAPI.DLL
0x00007fff1db00000 - 0x00007fff1db67000 	C:\Windows\system32\mswsock.dll
0x00007fff1d170000 - 0x00007fff1d258000 	C:\Windows\SYSTEM32\DNSAPI.dll
0x00007fff202d0000 - 0x00007fff202d9000 	C:\Windows\System32\NSI.dll
0x00007fff121d0000 - 0x00007fff121da000 	C:\Windows\System32\rasadhlp.dll
0x00007fff166c0000 - 0x00007fff16741000 	C:\Windows\System32\fwpuclnt.dll
0x00007fff0fe60000 - 0x00007fff0fe79000 	C:\Users\eivin\Downloads\eclipse-java-2022-06-R-win32-x86_64\eclipse\plugins\org.eclipse.justj.openjdk.hotspot.jre.full.win32.x86_64_17.0.3.v20220515-1416\jre\bin\net.dll
0x00007fff182d0000 - 0x00007fff183e4000 	C:\Windows\SYSTEM32\WINHTTP.dll
0x00007fff0fe40000 - 0x00007fff0fe55000 	C:\Users\eivin\Downloads\eclipse-java-2022-06-R-win32-x86_64\eclipse\plugins\org.eclipse.justj.openjdk.hotspot.jre.full.win32.x86_64_17.0.3.v20220515-1416\jre\bin\nio.dll
0x00007fff0a620000 - 0x00007fff0a630000 	C:\Users\eivin\Downloads\eclipse-java-2022-06-R-win32-x86_64\eclipse\plugins\org.eclipse.justj.openjdk.hotspot.jre.full.win32.x86_64_17.0.3.v20220515-1416\jre\bin\verify.dll
0x00007fff18460000 - 0x00007fff18479000 	C:\Windows\SYSTEM32\dhcpcsvc6.DLL
0x00007fff18670000 - 0x00007fff1868e000 	C:\Windows\SYSTEM32\dhcpcsvc.DLL

dbghelp: loaded successfully - version: 4.0.5 - missing functions: none
symbol engine: initialized successfully - sym options: 0x614 - pdb path: .;C:\Users\eivin\Downloads\eclipse-java-2022-06-R-win32-x86_64\eclipse\plugins\org.eclipse.justj.openjdk.hotspot.jre.full.win32.x86_64_17.0.3.v20220515-1416\jre\bin;C:\Windows\SYSTEM32;C:\Windows\WinSxS\amd64_microsoft.windows.common-controls_6595b64144ccf1df_6.0.22000.120_none_9d947278b86cc467;C:\Users\eivin\Downloads\eclipse-java-2022-06-R-win32-x86_64\eclipse\plugins\org.eclipse.justj.openjdk.hotspot.jre.full.win32.x86_64_17.0.3.v20220515-1416\jre\bin\server

VM Arguments:
jvm_args: -XX:+ShowCodeDetailsInExceptionMessages -agentlib:jdwp=transport=dt_socket,suspend=y,address=localhost:58819 -ea -javaagent:C:\Users\eivin\Downloads\eclipse-java-2022-06-R-win32-x86_64\eclipse\configuration\org.eclipse.osgi\215\0\.cp\lib\javaagent-shaded.jar -Dfile.encoding=UTF-8 
java_command: org.eclipse.jdt.internal.junit.runner.RemoteTestRunner -version 3 -port 58818 -testLoaderClass org.eclipse.jdt.internal.junit5.runner.JUnit5TestLoader -loaderpluginname org.eclipse.jdt.junit5.runtime -packageNameFile C:\Users\eivin\AppData\Local\Temp\packageNames13229578520527642945.txt
java_class_path (initial): C:\Users\eivin\Dat102\dat102\ListeOrdnetU\bin;C:\Users\eivin\Downloads\eclipse-java-2022-06-R-win32-x86_64\eclipse\plugins\org.junit.jupiter.api_5.8.1.v20211018-1956.jar;C:\Users\eivin\Downloads\eclipse-java-2022-06-R-win32-x86_64\eclipse\plugins\org.junit.jupiter.engine_5.8.1.v20211018-1956.jar;C:\Users\eivin\Downloads\eclipse-java-2022-06-R-win32-x86_64\eclipse\plugins\org.junit.jupiter.migrationsupport_5.8.1.v20211018-1956.jar;C:\Users\eivin\Downloads\eclipse-java-2022-06-R-win32-x86_64\eclipse\plugins\org.junit.jupiter.params_5.8.1.v20211018-1956.jar;C:\Users\eivin\Downloads\eclipse-java-2022-06-R-win32-x86_64\eclipse\plugins\org.junit.platform.commons_1.8.1.v20211018-1956.jar;C:\Users\eivin\Downloads\eclipse-java-2022-06-R-win32-x86_64\eclipse\plugins\org.junit.platform.engine_1.8.1.v20211018-1956.jar;C:\Users\eivin\Downloads\eclipse-java-2022-06-R-win32-x86_64\eclipse\plugins\org.junit.platform.launcher_1.8.1.v20211018-1956.jar;C:\Users\eivin\Downloads\eclipse-java-2022-06-R-win32-x86_64\eclipse\plugins\org.junit.platform.runner_1.8.1.v20211018-1956.jar;C:\Users\eivin\Downloads\eclipse-java-2022-06-R-win32-x86_64\eclipse\plugins\org.junit.platform.suite.api_1.8.1.v20211018-1956.jar;C:\Users\eivin\Downloads\eclipse-java-2022-06-R-win32-x86_64\eclipse\plugins\org.junit.platform.suite.engine_1.8.1.v20211028-1957.jar;C:\Users\eivin\Downloads\eclipse-java-2022-06-R-win32-x86_64\eclipse\plugins\org.junit.platform.suite.commons_1.8.1.v20211018-1956.jar;C:\Users\eivin\Downloads\eclipse-java-2022-06-R-win32-x86_64\eclipse\plugins\org.junit.vintage.engine_5.8.1.v20211018-1956.jar;C:\Users\eivin\Downloads\eclipse-java-2022-06-R-win32-x86_64\eclipse\plugins\org.opentest4j_1.2.0.v20211018-1956.jar;C:\Users\eivin\Downloads\eclipse-java-2022-06-R-win32-x86_64\eclipse\plugins\org.apiguardian_1.1.2.v20211018-1956.jar;C:\Users\eivin\Downloads\eclipse-java-2022-06-R-win32-x86_64\eclipse\plugins\org.junit_4.13.2.v20211018-1956.jar;C:\Users\eivin\Downl
Launcher Type: SUN_STANDARD

[Global flags]
     intx CICompilerCount                          = 12                                        {product} {ergonomic}
     uint ConcGCThreads                            = 3                                         {product} {ergonomic}
     uint G1ConcRefinementThreads                  = 13                                        {product} {ergonomic}
   size_t G1HeapRegionSize                         = 2097152                                   {product} {ergonomic}
    uintx GCDrainStackTargetSize                   = 64                                        {product} {ergonomic}
   size_t InitialHeapSize                          = 266338304                                 {product} {ergonomic}
   size_t MarkStackSize                            = 4194304                                   {product} {ergonomic}
   size_t MaxHeapSize                              = 4234149888                                {product} {ergonomic}
   size_t MaxNewSize                               = 2539651072                                {product} {ergonomic}
   size_t MinHeapDeltaBytes                        = 2097152                                   {product} {ergonomic}
   size_t MinHeapSize                              = 8388608                                   {product} {ergonomic}
    uintx NonNMethodCodeHeapSize                   = 7602480                                {pd product} {ergonomic}
    uintx NonProfiledCodeHeapSize                  = 122027880                              {pd product} {ergonomic}
    uintx ProfiledCodeHeapSize                     = 122027880                              {pd product} {ergonomic}
    uintx ReservedCodeCacheSize                    = 251658240                              {pd product} {ergonomic}
     bool SegmentedCodeCache                       = true                                      {product} {ergonomic}
     bool ShowCodeDetailsInExceptionMessages       = true                                   {manageable} {command line}
   size_t SoftMaxHeapSize                          = 4234149888                             {manageable} {ergonomic}
     bool UseCompressedClassPointers               = true                           {product lp64_product} {ergonomic}
     bool UseCompressedOops                        = true                           {product lp64_product} {ergonomic}
     bool UseG1GC                                  = true                                      {product} {ergonomic}
     bool UseLargePagesIndividualAllocation        = false                                  {pd product} {ergonomic}

Logging:
Log output configuration:
 #0: stdout all=warning uptime,level,tags
 #1: stderr all=off uptime,level,tags

Environment Variables:
PATH=C:\Users\eivin\Downloads\eclipse-java-2022-06-R-win32-x86_64\eclipse\plugins\org.eclipse.justj.openjdk.hotspot.jre.full.win32.x86_64_17.0.3.v20220515-1416\jre\bin;C:/Users/eivin/Downloads/eclipse-java-2022-06-R-win32-x86_64/eclipse//plugins/org.eclipse.justj.openjdk.hotspot.jre.full.win32.x86_64_17.0.3.v20220515-1416/jre/bin/server;C:/Users/eivin/Downloads/eclipse-java-2022-06-R-win32-x86_64/eclipse//plugins/org.eclipse.justj.openjdk.hotspot.jre.full.win32.x86_64_17.0.3.v20220515-1416/jre/bin;C:\Program Files\Common Files\Oracle\Java\javapath;C:\Program Files (x86)\Common Files\Oracle\Java\javapath;C:\Windows\system32;C:\Windows;C:\Windows\System32\Wbem;C:\Windows\System32\WindowsPowerShell\v1.0\;C:\Windows\System32\OpenSSH\;C:\Program Files (x86)\NVIDIA Corporation\PhysX\Common;C:\Program Files\NVIDIA Corporation\NVIDIA NvDLISR;C:\Program Files\Git\cmd;C:\Program Files\MATLAB\R2022b\bin;C:\Users\eivin\AppData\Local\Microsoft\WindowsApps;C:\Program Files (x86)\;C:\Users\eivin\AppData\Local\Programs\Microsoft VS Code\bin;C:\Users\eivin\Downloads\eclipse-java-2022-06-R-win32-x86_64\eclipse;
USERNAME=eivin
OS=Windows_NT
PROCESSOR_IDENTIFIER=Intel64 Family 6 Model 141 Stepping 1, GenuineIntel



---------------  S Y S T E M  ---------------

OS:
 Windows 11 , 64 bit Build 22000 (10.0.22000.1516)
OS uptime: 2 days 22:54 hours
Hyper-V role detected

CPU: total 16 (initial active 16) (8 cores per cpu, 2 threads per core) family 6 model 141 stepping 1 microcode 0x3c, cx8, cmov, fxsr, ht, mmx, 3dnowpref, sse, sse2, sse3, ssse3, sse4.1, sse4.2, popcnt, lzcnt, tsc, tscinvbit, avx, avx2, aes, erms, clmul, bmi1, bmi2, adx, avx512f, avx512dq, avx512cd, avx512bw, avx512vl, sha, fma, vzeroupper, avx512_vpopcntdq, avx512_vpclmulqdq, avx512_vaes, avx512_vnni, clflush, clflushopt, clwb, avx512_vbmi2, avx512_vbmi, hv

Memory: 4k page, system-wide physical 16147M (6839M free)
TotalPageFile size 24669M (AvailPageFile size 3911M)
current process WorkingSet (physical memory assigned to process): 37M, peak: 89M
current process commit charge ("private bytes"): 366M, peak: 371M

vm_info: OpenJDK 64-Bit Server VM (17.0.3+7) for windows-amd64 JRE (17.0.3+7), built on Apr 19 2022 16:55:35 by "" with MS VC++ 16.7 (VS2019)

END.
